0 info it worked if it ends with ok
1 verbose cli [ '/usr/local/bin/node', '/usr/local/bin/npm', 'run', 'test' ]
2 info using npm@3.3.6
3 info using node@v5.0.0
4 verbose run-script [ 'pretest', 'test', 'posttest' ]
5 info lifecycle quill-grammar@0.9.4~pretest: quill-grammar@0.9.4
6 silly lifecycle quill-grammar@0.9.4~pretest: no script for pretest, continuing
7 info lifecycle quill-grammar@0.9.4~test: quill-grammar@0.9.4
8 verbose lifecycle quill-grammar@0.9.4~test: unsafe-perm in lifecycle true
9 verbose lifecycle quill-grammar@0.9.4~test: PATH: /usr/local/lib/node_modules/npm/bin/node-gyp-bin:/Users/donald/Programming/Javascript/Quill-Grammar/node_modules/.bin:/usr/local/heroku/bin:/Users/donald/.rbenv/shims:/usr/local/bin:/usr/local/bin:/usr/bin:/bin:/usr/sbin:/sbin:/usr/local/git/bin:/opt/ImageMagick/bin
10 verbose lifecycle quill-grammar@0.9.4~test: CWD: /Users/donald/Programming/Javascript/Quill-Grammar
11 silly lifecycle quill-grammar@0.9.4~test: Args: [ '-c', 'npm run ci' ]
12 silly lifecycle quill-grammar@0.9.4~test: Returned: code: 1  signal: null
13 info lifecycle quill-grammar@0.9.4~test: Failed to exec test script
14 verbose stack Error: quill-grammar@0.9.4 test: `npm run ci`
14 verbose stack Exit status 1
14 verbose stack     at EventEmitter.<anonymous> (/usr/local/lib/node_modules/npm/lib/utils/lifecycle.js:233:16)
14 verbose stack     at emitTwo (events.js:87:13)
14 verbose stack     at EventEmitter.emit (events.js:172:7)
14 verbose stack     at ChildProcess.<anonymous> (/usr/local/lib/node_modules/npm/lib/utils/spawn.js:24:14)
14 verbose stack     at emitTwo (events.js:87:13)
14 verbose stack     at ChildProcess.emit (events.js:172:7)
14 verbose stack     at maybeClose (internal/child_process.js:818:16)
14 verbose stack     at Process.ChildProcess._handle.onexit (internal/child_process.js:211:5)
15 verbose pkgid quill-grammar@0.9.4
16 verbose cwd /Users/donald/Programming/Javascript/Quill-Grammar
17 error Darwin 15.5.0
18 error argv "/usr/local/bin/node" "/usr/local/bin/npm" "run" "test"
19 error node v5.0.0
20 error npm  v3.3.6
21 error code ELIFECYCLE
22 error quill-grammar@0.9.4 test: `npm run ci`
22 error Exit status 1
23 error Failed at the quill-grammar@0.9.4 test script 'npm run ci'.
23 error This is most likely a problem with the quill-grammar package,
23 error not with npm itself.
23 error Tell the author that this fails on your system:
23 error     npm run ci
23 error You can get their info via:
23 error     npm owner ls quill-grammar
23 error There is likely additional logging output above.
24 verbose exit [ 1, true ]
